<?xml version="1.0" encoding="UTF-8"?>
<!-- Generated by org.testng.reporters.JUnitReportReporter -->
<testsuite skipped="0" hostname="LAPTOP-CTRLAISOFTWARE" name="pkg_mavenTestNg.Calculator_testNg" tests="4" failures="0" timestamp="2022-08-28T10:56:47 IST" time="0.012" errors="0">
  <testcase name="testAdditon" time="0.010" classname="pkg_mavenTestNg.Calculator_testNg"/>
  <system-out>
Checking Addiotn funcaitonality  </system-out>
  <testcase name="testDivistion" time="0.001" classname="pkg_mavenTestNg.Calculator_testNg"/>
  <system-out>
Checking Division funcaitonality  </system-out>
  <testcase name="testSubstraction" time="0.001" classname="pkg_mavenTestNg.Calculator_testNg"/>
  <system-out>
Checking Substrarciton funcaitonality  </system-out>
  <testcase name="testMultiplicaiton" time="0.000" classname="pkg_mavenTestNg.Calculator_testNg"/>
  <system-out>
Checking Mutliplication funcaitonality  </system-out>
</testsuite> <!-- pkg_mavenTestNg.Calculator_testNg -->
